Determining if the pthread_create exist failed with the following output:
Change Dir: /home/celik/Desktop/CS342-Bilkent/CS342_P3/cmake-build-debug/CMakeFiles/CMakeTmp

Run Build Command:"/usr/bin/make" "cmTC_82056/fast"
/usr/bin/make -f CMakeFiles/cmTC_82056.dir/build.make CMakeFiles/cmTC_82056.dir/build
make[1]: Entering directory '/home/celik/Desktop/CS342-Bilkent/CS342_P3/cmake-build-debug/CMakeFiles/CMakeTmp'
Building C object CMakeFiles/cmTC_82056.dir/CheckSymbolExists.c.o
/usr/bin/cc     -o CMakeFiles/cmTC_82056.dir/CheckSymbolExists.c.o   -c /home/celik/Desktop/CS342-Bilkent/CS342_P3/cmake-build-debug/CMakeFiles/CMakeTmp/CheckSymbolExists.c
Linking C executable cmTC_82056
/home/celik/Documents/cmake-3.7.2-Linux-x86_64/bin/cmake -E cmake_link_script CMakeFiles/cmTC_82056.dir/link.txt --verbose=1
/usr/bin/cc       CMakeFiles/cmTC_82056.dir/CheckSymbolExists.c.o  -o cmTC_82056 
CMakeFiles/cmTC_82056.dir/CheckSymbolExists.c.o: In function `main':
CheckSymbolExists.c:(.text+0x16): undefined reference to `pthread_create'
collect2: error: ld returned 1 exit status
CMakeFiles/cmTC_82056.dir/build.make:97: recipe for target 'cmTC_82056' failed
make[1]: *** [cmTC_82056] Error 1
make[1]: Leaving directory '/home/celik/Desktop/CS342-Bilkent/CS342_P3/cmake-build-debug/CMakeFiles/CMakeTmp'
Makefile:126: recipe for target 'cmTC_82056/fast' failed
make: *** [cmTC_82056/fast] Error 2

File /home/celik/Desktop/CS342-Bilkent/CS342_P3/cmake-build-debug/CMakeFiles/CMakeTmp/CheckSymbolExists.c:
/* */
#include <pthread.h>

int main(int argc, char** argv)
{
  (void)argv;
#ifndef pthread_create
  return ((int*)(&pthread_create))[argc];
#else
  (void)argc;
  return 0;
#endif
}

Determining if the function pthread_create exists in the pthreads failed with the following output:
Change Dir: /home/celik/Desktop/CS342-Bilkent/CS342_P3/cmake-build-debug/CMakeFiles/CMakeTmp

Run Build Command:"/usr/bin/make" "cmTC_f7b36/fast"
/usr/bin/make -f CMakeFiles/cmTC_f7b36.dir/build.make CMakeFiles/cmTC_f7b36.dir/build
make[1]: Entering directory '/home/celik/Desktop/CS342-Bilkent/CS342_P3/cmake-build-debug/CMakeFiles/CMakeTmp'
Building C object CMakeFiles/cmTC_f7b36.dir/CheckFunctionExists.c.o
/usr/bin/cc    -DCHECK_FUNCTION_EXISTS=pthread_create   -o CMakeFiles/cmTC_f7b36.dir/CheckFunctionExists.c.o   -c /home/celik/Documents/cmake-3.7.2-Linux-x86_64/share/cmake-3.7/Modules/CheckFunctionExists.c
Linking C executable cmTC_f7b36
/home/celik/Documents/cmake-3.7.2-Linux-x86_64/bin/cmake -E cmake_link_script CMakeFiles/cmTC_f7b36.dir/link.txt --verbose=1
/usr/bin/cc   -DCHECK_FUNCTION_EXISTS=pthread_create    CMakeFiles/cmTC_f7b36.dir/CheckFunctionExists.c.o  -o cmTC_f7b36 -lpthreads 
/usr/bin/ld: cannot find -lpthreads
collect2: error: ld returned 1 exit status
CMakeFiles/cmTC_f7b36.dir/build.make:97: recipe for target 'cmTC_f7b36' failed
make[1]: *** [cmTC_f7b36] Error 1
make[1]: Leaving directory '/home/celik/Desktop/CS342-Bilkent/CS342_P3/cmake-build-debug/CMakeFiles/CMakeTmp'
Makefile:126: recipe for target 'cmTC_f7b36/fast' failed
make: *** [cmTC_f7b36/fast] Error 2


